<?xml version="1.0" encoding="UTF-8"?>
<!-- Generated by org.testng.reporters.JUnitXMLReporter -->
<testsuite ignored="3" hostname="probook" failures="0" tests="1" name="Test(failed)(failed)" time="0.118" errors="0" timestamp="2023-01-19T15:21:40 IST">
  <testcase classname="testNGPack.Demo" name="demo2" time="0.027"/>
  <testcase classname="testNGPack.Demo" name="demo" time="0.0">
    <ignored/>
  </testcase> <!-- demo -->
  <testcase classname="testNGPack.Demo" name="demo1" time="0.0">
    <ignored/>
  </testcase> <!-- demo1 -->
  <testcase classname="testNGPack.Demo" name="demo3" time="0.0">
    <ignored/>
  </testcase> <!-- demo3 -->
</testsuite> <!-- Test(failed)(failed) -->
